==19444== NVPROF is profiling process 19444, command: ../optNonNP/lss --image ../inputs/fractal/fractal.intensities.pgm --labels ../inputs/fractal/fractal.label.pgm --params ../inputs/fractal/fractal.params
==19444== Profiling application: ../optNonNP/lss --image ../inputs/fractal/fractal.intensities.pgm --labels ../inputs/fractal/fractal.label.pgm --params ../inputs/fractal/fractal.params
==19444== Profiling result:
   Start  Duration  Name
169.64ms  1.4910us  cuDeviceGetCount
169.64ms     529ns  cuDeviceGet
169.68ms     502ns  cuDeviceGetCount
169.68ms     284ns  cuDeviceGet
169.68ms  54.098us  cuDeviceGetName
169.74ms  314.68us  cuDeviceTotalMem
170.05ms     455ns  cuDeviceGetAttribute
170.05ms     286ns  cuDeviceGetAttribute
170.05ms     289ns  cuDeviceGetAttribute
170.05ms     276ns  cuDeviceGetAttribute
170.05ms     302ns  cuDeviceGetAttribute
170.05ms  47.540us  cuDeviceGetAttribute
170.10ms     401ns  cuDeviceGetAttribute
170.10ms     259ns  cuDeviceGetAttribute
170.10ms     277ns  cuDeviceGetAttribute
170.10ms     267ns  cuDeviceGetAttribute
170.11ms     340ns  cuDeviceGetAttribute
170.11ms     272ns  cuDeviceGetAttribute
170.11ms     257ns  cuDeviceGetAttribute
170.11ms     269ns  cuDeviceGetAttribute
170.11ms     262ns  cuDeviceGetAttribute
170.11ms     262ns  cuDeviceGetAttribute
170.11ms     307ns  cuDeviceGetAttribute
170.11ms     257ns  cuDeviceGetAttribute
170.11ms     263ns  cuDeviceGetAttribute
170.11ms     264ns  cuDeviceGetAttribute
170.11ms     258ns  cuDeviceGetAttribute
170.11ms     266ns  cuDeviceGetAttribute
170.11ms     275ns  cuDeviceGetAttribute
170.11ms     260ns  cuDeviceGetAttribute
170.11ms     262ns  cuDeviceGetAttribute
170.11ms     262ns  cuDeviceGetAttribute
170.11ms     267ns  cuDeviceGetAttribute
170.12ms     312ns  cuDeviceGetAttribute
170.12ms     261ns  cuDeviceGetAttribute
170.12ms     260ns  cuDeviceGetAttribute
170.12ms     256ns  cuDeviceGetAttribute
170.12ms     260ns  cuDeviceGetAttribute
170.12ms     257ns  cuDeviceGetAttribute
170.12ms     353ns  cuDeviceGetAttribute
170.12ms     274ns  cuDeviceGetAttribute
170.12ms     260ns  cuDeviceGetAttribute
170.12ms     271ns  cuDeviceGetAttribute
170.12ms     276ns  cuDeviceGetAttribute
170.12ms     274ns  cuDeviceGetAttribute
170.12ms     273ns  cuDeviceGetAttribute
170.12ms     261ns  cuDeviceGetAttribute
170.12ms     260ns  cuDeviceGetAttribute
170.12ms     266ns  cuDeviceGetAttribute
170.13ms     262ns  cuDeviceGetAttribute
170.13ms     258ns  cuDeviceGetAttribute
170.13ms     257ns  cuDeviceGetAttribute
170.13ms     263ns  cuDeviceGetAttribute
170.13ms     264ns  cuDeviceGetAttribute
170.13ms     257ns  cuDeviceGetAttribute
170.13ms     256ns  cuDeviceGetAttribute
170.13ms     269ns  cuDeviceGetAttribute
170.13ms     258ns  cuDeviceGetAttribute
170.13ms     257ns  cuDeviceGetAttribute
170.13ms     259ns  cuDeviceGetAttribute
170.13ms     260ns  cuDeviceGetAttribute
170.13ms  225.21us  cuDeviceGetAttribute
170.36ms     317ns  cuDeviceGetAttribute
170.36ms     268ns  cuDeviceGetAttribute
170.36ms     257ns  cuDeviceGetAttribute
170.36ms     270ns  cuDeviceGetAttribute
170.36ms     269ns  cuDeviceGetAttribute
170.36ms     279ns  cuDeviceGetAttribute
170.36ms     274ns  cuDeviceGetAttribute
170.36ms     268ns  cuDeviceGetAttribute
170.36ms     263ns  cuDeviceGetAttribute
170.36ms     252ns  cuDeviceGetAttribute
170.36ms     257ns  cuDeviceGetAttribute
170.37ms     343ns  cuDeviceGetAttribute
170.37ms     261ns  cuDeviceGetAttribute
170.37ms     262ns  cuDeviceGetAttribute
170.37ms     264ns  cuDeviceGetAttribute
170.37ms     286ns  cuDeviceGetAttribute
170.37ms     260ns  cuDeviceGetAttribute
170.37ms     272ns  cuDeviceGetAttribute
170.37ms     260ns  cuDeviceGetAttribute
170.37ms  223.68us  cuDeviceGetAttribute
170.59ms     329ns  cuDeviceGetAttribute
170.60ms     281ns  cuDeviceGetAttribute
170.60ms     268ns  cuDeviceGetAttribute
170.60ms     265ns  cuDeviceGetAttribute
170.60ms     265ns  cuDeviceGetAttribute
170.60ms     269ns  cuDeviceGetAttribute
170.60ms     264ns  cuDeviceGetAttribute
170.61ms  166.37ms  cudaEventCreate
336.98ms  1.9780us  cudaEventCreate
336.98ms  6.0460us  cudaEventRecord
336.98ms  6.8080us  cudaEventSynchronize
336.99ms  234.75us  cudaMalloc
337.23ms  9.6350us  cudaMalloc
337.24ms  7.5290us  cudaMalloc
337.25ms  223.74us  cudaMalloc
337.47ms  222.58us  cudaMalloc
337.69ms  230.72us  cudaMalloc
337.92ms  222.38us  cudaMalloc
338.15ms  213.29us  cudaMalloc
338.36ms  10.550us  cudaMalloc
338.38ms  20.852us  cudaMemcpy
338.40ms  10.727us  cudaMemcpy
338.42ms  11.107us  cudaMemcpy
338.43ms  966.58us  cudaMemcpy
339.39ms  1.8597ms  cudaMemcpy
341.25ms  928.16us  cudaDeviceSynchronize
342.18ms  3.2670us  cudaEventCreate
342.19ms  1.1960us  cudaEventCreate
342.19ms  4.1920us  cudaEventRecord
342.19ms  7.8280us  cudaEventSynchronize
342.23ms  29.796us  cudaStreamCreateWithFlags
342.26ms  1.3710us  cudaConfigureCall
342.26ms  3.8750us  cudaSetupArgument
342.27ms     299ns  cudaSetupArgument
342.27ms     579ns  cudaSetupArgument
342.27ms     284ns  cudaSetupArgument
342.27ms     225ns  cudaSetupArgument
342.27ms     226ns  cudaSetupArgument
342.27ms     357ns  cudaSetupArgument
342.27ms     258ns  cudaSetupArgument
342.27ms     227ns  cudaSetupArgument
342.27ms     225ns  cudaSetupArgument
342.27ms     225ns  cudaSetupArgument
342.27ms  28.122us  cudaLaunch (lssStep1(unsigned int*, unsigned int*, int*, int*, int*, int*, unsigned int*, int, int, int, int) [126])
342.30ms  12.639us  cudaMemcpyAsync
342.32ms     444ns  cudaConfigureCall
342.32ms     383ns  cudaSetupArgument
342.32ms     222ns  cudaSetupArgument
342.32ms     225ns  cudaSetupArgument
342.32ms     233ns  cudaSetupArgument
342.32ms     225ns  cudaSetupArgument
342.32ms     223ns  cudaSetupArgument
342.32ms     226ns  cudaSetupArgument
342.32ms  12.441us  cudaLaunch (lssStep2(int*, unsigned int*, unsigned int*, int, int, int, int) [136])
342.33ms  1.3329ms  cudaMemcpyAsync
343.67ms  6.2600us  cudaMemcpyAsync
343.67ms     388ns  cudaConfigureCall
343.67ms     397ns  cudaSetupArgument
343.68ms     235ns  cudaSetupArgument
343.68ms     234ns  cudaSetupArgument
343.68ms     226ns  cudaSetupArgument
343.68ms     220ns  cudaSetupArgument
343.68ms     226ns  cudaSetupArgument
343.68ms     224ns  cudaSetupArgument
343.68ms  11.414us  cudaLaunch (lssStep2(int*, unsigned int*, unsigned int*, int, int, int, int) [147])
343.69ms  1.0001ms  cudaMemcpyAsync
344.69ms  5.9200us  cudaMemcpyAsync
344.70ms     386ns  cudaConfigureCall
344.70ms     387ns  cudaSetupArgument
344.70ms     238ns  cudaSetupArgument
344.70ms     234ns  cudaSetupArgument
344.70ms     223ns  cudaSetupArgument
344.70ms     224ns  cudaSetupArgument
344.70ms     223ns  cudaSetupArgument
344.70ms     224ns  cudaSetupArgument
344.70ms  11.190us  cudaLaunch (lssStep2(int*, unsigned int*, unsigned int*, int, int, int, int) [158])
344.71ms  986.71us  cudaMemcpyAsync
345.70ms  5.9490us  cudaMemcpyAsync
345.71ms     353ns  cudaConfigureCall
345.71ms     407ns  cudaSetupArgument
345.71ms     235ns  cudaSetupArgument
345.71ms     234ns  cudaSetupArgument
345.71ms     224ns  cudaSetupArgument
345.71ms     227ns  cudaSetupArgument
345.71ms     222ns  cudaSetupArgument
345.71ms     224ns  cudaSetupArgument
345.71ms  10.534us  cudaLaunch (lssStep2(int*, unsigned int*, unsigned int*, int, int, int, int) [169])
345.72ms  979.59us  cudaMemcpyAsync
346.70ms  6.6720us  cudaMemcpyAsync
346.71ms     417ns  cudaConfigureCall
346.71ms     392ns  cudaSetupArgument
346.71ms     234ns  cudaSetupArgument
346.71ms     233ns  cudaSetupArgument
346.71ms     225ns  cudaSetupArgument
346.71ms     225ns  cudaSetupArgument
346.71ms     229ns  cudaSetupArgument
346.71ms     224ns  cudaSetupArgument
346.71ms  11.408us  cudaLaunch (lssStep2(int*, unsigned int*, unsigned int*, int, int, int, int) [180])
346.73ms  989.44us  cudaMemcpyAsync
347.72ms  5.7600us  cudaMemcpyAsync
347.72ms     366ns  cudaConfigureCall
347.72ms     380ns  cudaSetupArgument
347.72ms     232ns  cudaSetupArgument
347.72ms     236ns  cudaSetupArgument
347.72ms     226ns  cudaSetupArgument
347.72ms     251ns  cudaSetupArgument
347.72ms     229ns  cudaSetupArgument
347.73ms     225ns  cudaSetupArgument
347.73ms  10.559us  cudaLaunch (lssStep2(int*, unsigned int*, unsigned int*, int, int, int, int) [191])
347.74ms  957.65us  cudaMemcpyAsync
348.70ms  5.7970us  cudaMemcpyAsync
348.70ms     364ns  cudaConfigureCall
348.70ms     362ns  cudaSetupArgument
348.70ms     234ns  cudaSetupArgument
348.70ms     231ns  cudaSetupArgument
348.70ms     225ns  cudaSetupArgument
348.70ms     226ns  cudaSetupArgument
348.70ms     225ns  cudaSetupArgument
348.70ms     226ns  cudaSetupArgument
348.71ms  10.914us  cudaLaunch (lssStep2(int*, unsigned int*, unsigned int*, int, int, int, int) [202])
348.72ms  949.24us  cudaMemcpyAsync
349.67ms  5.8260us  cudaMemcpyAsync
349.67ms     355ns  cudaConfigureCall
349.67ms     387ns  cudaSetupArgument
349.67ms     233ns  cudaSetupArgument
349.67ms     232ns  cudaSetupArgument
349.68ms     225ns  cudaSetupArgument
349.68ms     225ns  cudaSetupArgument
349.68ms     226ns  cudaSetupArgument
349.68ms     228ns  cudaSetupArgument
349.68ms  10.509us  cudaLaunch (lssStep2(int*, unsigned int*, unsigned int*, int, int, int, int) [213])
349.69ms  1.4915ms  cudaMemcpyAsync
351.18ms  6.5040us  cudaMemcpyAsync
351.19ms     394ns  cudaConfigureCall
351.19ms     387ns  cudaSetupArgument
351.19ms     232ns  cudaSetupArgument
351.19ms     232ns  cudaSetupArgument
351.19ms     221ns  cudaSetupArgument
351.19ms     226ns  cudaSetupArgument
351.19ms     224ns  cudaSetupArgument
351.19ms     225ns  cudaSetupArgument
351.19ms  11.143us  cudaLaunch (lssStep2(int*, unsigned int*, unsigned int*, int, int, int, int) [224])
351.20ms  1.3243ms  cudaMemcpyAsync
352.53ms  5.8260us  cudaMemcpyAsync
352.53ms     355ns  cudaConfigureCall
352.53ms     375ns  cudaSetupArgument
352.54ms     236ns  cudaSetupArgument
352.54ms     235ns  cudaSetupArgument
352.54ms     222ns  cudaSetupArgument
352.54ms     227ns  cudaSetupArgument
352.54ms     224ns  cudaSetupArgument
352.54ms     225ns  cudaSetupArgument
352.54ms  10.572us  cudaLaunch (lssStep2(int*, unsigned int*, unsigned int*, int, int, int, int) [235])
352.55ms  1.1015ms  cudaMemcpyAsync
353.65ms  6.8130us  cudaMemcpyAsync
353.66ms     404ns  cudaConfigureCall
353.66ms     391ns  cudaSetupArgument
353.66ms     236ns  cudaSetupArgument
353.66ms     234ns  cudaSetupArgument
353.66ms     222ns  cudaSetupArgument
353.66ms     225ns  cudaSetupArgument
353.66ms     224ns  cudaSetupArgument
353.66ms     225ns  cudaSetupArgument
353.66ms  11.323us  cudaLaunch (lssStep2(int*, unsigned int*, unsigned int*, int, int, int, int) [246])
353.68ms  1.3062ms  cudaMemcpyAsync
354.98ms  5.7010us  cudaMemcpyAsync
354.99ms     338ns  cudaConfigureCall
354.99ms     329ns  cudaSetupArgument
354.99ms     180ns  cudaSetupArgument
354.99ms     182ns  cudaSetupArgument
354.99ms     175ns  cudaSetupArgument
354.99ms     175ns  cudaSetupArgument
354.99ms     175ns  cudaSetupArgument
354.99ms     182ns  cudaSetupArgument
354.99ms  9.4080us  cudaLaunch (lssStep2(int*, unsigned int*, unsigned int*, int, int, int, int) [257])
355.00ms  1.4997ms  cudaMemcpyAsync
356.50ms  6.0680us  cudaMemcpyAsync
356.51ms     389ns  cudaConfigureCall
356.51ms     360ns  cudaSetupArgument
356.51ms     223ns  cudaSetupArgument
356.51ms     224ns  cudaSetupArgument
356.51ms     214ns  cudaSetupArgument
356.51ms     213ns  cudaSetupArgument
356.51ms     216ns  cudaSetupArgument
356.51ms     213ns  cudaSetupArgument
356.51ms  10.662us  cudaLaunch (lssStep2(int*, unsigned int*, unsigned int*, int, int, int, int) [268])
356.52ms  1.5891ms  cudaMemcpyAsync
358.11ms  8.6250us  cudaMemcpyAsync
358.12ms     458ns  cudaConfigureCall
358.12ms     457ns  cudaSetupArgument
358.12ms     224ns  cudaSetupArgument
358.12ms     224ns  cudaSetupArgument
358.12ms     229ns  cudaSetupArgument
358.12ms     215ns  cudaSetupArgument
358.13ms     217ns  cudaSetupArgument
358.13ms     215ns  cudaSetupArgument
358.13ms  13.715us  cudaLaunch (lssStep2(int*, unsigned int*, unsigned int*, int, int, int, int) [279])
358.14ms  1.2270ms  cudaMemcpyAsync
359.37ms  5.6980us  cudaMemcpyAsync
359.37ms     388ns  cudaConfigureCall
359.37ms     359ns  cudaSetupArgument
359.38ms     224ns  cudaSetupArgument
359.38ms     223ns  cudaSetupArgument
359.38ms     217ns  cudaSetupArgument
359.38ms     219ns  cudaSetupArgument
359.38ms     216ns  cudaSetupArgument
359.38ms     215ns  cudaSetupArgument
359.38ms  10.781us  cudaLaunch (lssStep2(int*, unsigned int*, unsigned int*, int, int, int, int) [290])
359.39ms  1.4525ms  cudaMemcpyAsync
360.84ms  5.6390us  cudaMemcpyAsync
360.85ms     345ns  cudaConfigureCall
360.85ms     370ns  cudaSetupArgument
360.85ms     230ns  cudaSetupArgument
360.85ms     225ns  cudaSetupArgument
360.85ms     215ns  cudaSetupArgument
360.85ms     221ns  cudaSetupArgument
360.85ms     219ns  cudaSetupArgument
360.85ms     221ns  cudaSetupArgument
360.85ms  10.358us  cudaLaunch (lssStep2(int*, unsigned int*, unsigned int*, int, int, int, int) [301])
360.86ms  1.3039ms  cudaMemcpyAsync
362.17ms  6.2370us  cudaMemcpyAsync
362.17ms     380ns  cudaConfigureCall
362.18ms     374ns  cudaSetupArgument
362.18ms     226ns  cudaSetupArgument
362.18ms     227ns  cudaSetupArgument
362.18ms     217ns  cudaSetupArgument
362.18ms     218ns  cudaSetupArgument
362.18ms     219ns  cudaSetupArgument
362.18ms     220ns  cudaSetupArgument
362.18ms  10.857us  cudaLaunch (lssStep2(int*, unsigned int*, unsigned int*, int, int, int, int) [312])
362.19ms  1.2971ms  cudaMemcpyAsync
363.49ms  5.5300us  cudaMemcpyAsync
363.49ms     351ns  cudaConfigureCall
363.49ms     359ns  cudaSetupArgument
363.49ms     226ns  cudaSetupArgument
363.50ms     228ns  cudaSetupArgument
363.50ms     217ns  cudaSetupArgument
363.50ms     219ns  cudaSetupArgument
363.50ms     218ns  cudaSetupArgument
363.50ms     217ns  cudaSetupArgument
363.50ms  10.256us  cudaLaunch (lssStep2(int*, unsigned int*, unsigned int*, int, int, int, int) [323])
363.51ms  1.1661ms  cudaMemcpyAsync
364.67ms  5.6600us  cudaMemcpyAsync
364.68ms     370ns  cudaConfigureCall
364.68ms     358ns  cudaSetupArgument
364.68ms     225ns  cudaSetupArgument
364.68ms     230ns  cudaSetupArgument
364.68ms     218ns  cudaSetupArgument
364.68ms     228ns  cudaSetupArgument
364.68ms     216ns  cudaSetupArgument
364.68ms     218ns  cudaSetupArgument
364.69ms  10.547us  cudaLaunch (lssStep2(int*, unsigned int*, unsigned int*, int, int, int, int) [334])
364.70ms  1.3580ms  cudaMemcpyAsync
366.05ms  6.4690us  cudaMemcpyAsync
366.06ms     403ns  cudaConfigureCall
366.06ms     377ns  cudaSetupArgument
366.06ms     221ns  cudaSetupArgument
366.06ms     213ns  cudaSetupArgument
366.06ms     214ns  cudaSetupArgument
366.06ms     212ns  cudaSetupArgument
366.06ms     211ns  cudaSetupArgument
366.07ms     208ns  cudaSetupArgument
366.07ms  10.835us  cudaLaunch (lssStep2(int*, unsigned int*, unsigned int*, int, int, int, int) [345])
366.08ms  1.3371ms  cudaMemcpyAsync
367.41ms  5.5370us  cudaMemcpyAsync
367.42ms     353ns  cudaConfigureCall
367.42ms     342ns  cudaSetupArgument
367.42ms     216ns  cudaSetupArgument
367.42ms     217ns  cudaSetupArgument
367.42ms     208ns  cudaSetupArgument
367.42ms     207ns  cudaSetupArgument
367.42ms     213ns  cudaSetupArgument
367.42ms     208ns  cudaSetupArgument
367.42ms  9.9030us  cudaLaunch (lssStep2(int*, unsigned int*, unsigned int*, int, int, int, int) [356])
367.43ms  1.2449ms  cudaMemcpyAsync
368.68ms  5.3400us  cudaMemcpyAsync
368.69ms     341ns  cudaConfigureCall
368.69ms     340ns  cudaSetupArgument
368.69ms     216ns  cudaSetupArgument
368.69ms     214ns  cudaSetupArgument
368.69ms     205ns  cudaSetupArgument
368.69ms     211ns  cudaSetupArgument
368.69ms     205ns  cudaSetupArgument
368.69ms     206ns  cudaSetupArgument
368.69ms  9.7750us  cudaLaunch (lssStep2(int*, unsigned int*, unsigned int*, int, int, int, int) [367])
368.70ms  1.8504ms  cudaMemcpyAsync
370.55ms  8.1080us  cudaMemcpyAsync
370.56ms     441ns  cudaConfigureCall
370.56ms     397ns  cudaSetupArgument
370.56ms     215ns  cudaSetupArgument
370.56ms     217ns  cudaSetupArgument
370.56ms     205ns  cudaSetupArgument
370.56ms     204ns  cudaSetupArgument
370.56ms     205ns  cudaSetupArgument
370.56ms     205ns  cudaSetupArgument
370.56ms  12.782us  cudaLaunch (lssStep2(int*, unsigned int*, unsigned int*, int, int, int, int) [378])
370.58ms  1.5928ms  cudaMemcpyAsync
372.17ms  4.9570us  cudaMemcpyAsync
372.18ms     313ns  cudaConfigureCall
372.18ms     319ns  cudaSetupArgument
372.18ms     187ns  cudaSetupArgument
372.18ms     188ns  cudaSetupArgument
372.18ms     181ns  cudaSetupArgument
372.18ms     183ns  cudaSetupArgument
372.18ms     183ns  cudaSetupArgument
372.18ms     174ns  cudaSetupArgument
372.18ms  8.9720us  cudaLaunch (lssStep2(int*, unsigned int*, unsigned int*, int, int, int, int) [389])
372.19ms  1.2627ms  cudaMemcpyAsync
373.45ms  4.6630us  cudaMemcpyAsync
373.46ms     314ns  cudaConfigureCall
373.46ms     305ns  cudaSetupArgument
373.46ms     181ns  cudaSetupArgument
373.46ms     182ns  cudaSetupArgument
373.46ms     176ns  cudaSetupArgument
373.46ms     172ns  cudaSetupArgument
373.46ms     174ns  cudaSetupArgument
373.46ms     181ns  cudaSetupArgument
373.46ms  8.3240us  cudaLaunch (lssStep2(int*, unsigned int*, unsigned int*, int, int, int, int) [400])
373.47ms  1.6258ms  cudaMemcpyAsync
375.09ms  6.8550us  cudaMemcpyAsync
375.10ms     359ns  cudaConfigureCall
375.10ms     372ns  cudaSetupArgument
375.10ms     184ns  cudaSetupArgument
375.10ms     187ns  cudaSetupArgument
375.10ms     192ns  cudaSetupArgument
375.10ms     181ns  cudaSetupArgument
375.10ms     177ns  cudaSetupArgument
375.10ms     176ns  cudaSetupArgument
375.11ms  10.604us  cudaLaunch (lssStep2(int*, unsigned int*, unsigned int*, int, int, int, int) [411])
375.12ms  1.3110ms  cudaMemcpyAsync
376.43ms  4.7180us  cudaMemcpyAsync
376.43ms     319ns  cudaConfigureCall
376.43ms     295ns  cudaSetupArgument
376.43ms     189ns  cudaSetupArgument
376.43ms     188ns  cudaSetupArgument
376.43ms     183ns  cudaSetupArgument
376.44ms     180ns  cudaSetupArgument
376.44ms     181ns  cudaSetupArgument
376.44ms     197ns  cudaSetupArgument
376.44ms  8.9320us  cudaLaunch (lssStep2(int*, unsigned int*, unsigned int*, int, int, int, int) [422])
376.45ms  1.1621ms  cudaMemcpyAsync
377.61ms  4.6210us  cudaMemcpyAsync
377.61ms     299ns  cudaConfigureCall
377.61ms     306ns  cudaSetupArgument
377.61ms     189ns  cudaSetupArgument
377.61ms     188ns  cudaSetupArgument
377.61ms     182ns  cudaSetupArgument
377.62ms     176ns  cudaSetupArgument
377.62ms     181ns  cudaSetupArgument
377.62ms     174ns  cudaSetupArgument
377.62ms  8.5120us  cudaLaunch (lssStep2(int*, unsigned int*, unsigned int*, int, int, int, int) [433])
377.63ms  1.3602ms  cudaMemcpyAsync
378.99ms  5.2240us  cudaMemcpyAsync
378.99ms     324ns  cudaConfigureCall
378.99ms     310ns  cudaSetupArgument
378.99ms     188ns  cudaSetupArgument
378.99ms     190ns  cudaSetupArgument
378.99ms     181ns  cudaSetupArgument
378.99ms     181ns  cudaSetupArgument
378.99ms     181ns  cudaSetupArgument
378.99ms     173ns  cudaSetupArgument
379.00ms  9.0200us  cudaLaunch (lssStep2(int*, unsigned int*, unsigned int*, int, int, int, int) [444])
379.00ms  1.4793ms  cudaMemcpyAsync
380.48ms  4.6940us  cudaMemcpyAsync
380.49ms     298ns  cudaConfigureCall
380.49ms     295ns  cudaSetupArgument
380.49ms     188ns  cudaSetupArgument
380.49ms     188ns  cudaSetupArgument
380.49ms     183ns  cudaSetupArgument
380.49ms     183ns  cudaSetupArgument
380.49ms     182ns  cudaSetupArgument
380.49ms     177ns  cudaSetupArgument
380.49ms  8.4890us  cudaLaunch (lssStep2(int*, unsigned int*, unsigned int*, int, int, int, int) [455])
380.50ms  1.4666ms  cudaMemcpyAsync
381.97ms  5.0890us  cudaMemcpyAsync
381.97ms     309ns  cudaConfigureCall
381.97ms     305ns  cudaSetupArgument
381.98ms     183ns  cudaSetupArgument
381.98ms     181ns  cudaSetupArgument
381.98ms     176ns  cudaSetupArgument
381.98ms     176ns  cudaSetupArgument
381.98ms     176ns  cudaSetupArgument
381.98ms     181ns  cudaSetupArgument
381.98ms  9.2830us  cudaLaunch (lssStep2(int*, unsigned int*, unsigned int*, int, int, int, int) [466])
381.99ms  1.1707ms  cudaMemcpyAsync
383.16ms  4.7750us  cudaMemcpyAsync
383.16ms     295ns  cudaConfigureCall
383.16ms     313ns  cudaSetupArgument
383.16ms     190ns  cudaSetupArgument
383.16ms     188ns  cudaSetupArgument
383.17ms     182ns  cudaSetupArgument
383.17ms     183ns  cudaSetupArgument
383.17ms     182ns  cudaSetupArgument
383.17ms     176ns  cudaSetupArgument
383.17ms  8.4890us  cudaLaunch (lssStep2(int*, unsigned int*, unsigned int*, int, int, int, int) [477])
383.18ms  1.0563ms  cudaMemcpyAsync
384.23ms  4.6670us  cudaMemcpyAsync
384.24ms     309ns  cudaConfigureCall
384.24ms     299ns  cudaSetupArgument
384.24ms     188ns  cudaSetupArgument
384.24ms     187ns  cudaSetupArgument
384.24ms     181ns  cudaSetupArgument
384.24ms     182ns  cudaSetupArgument
384.24ms     197ns  cudaSetupArgument
384.24ms     174ns  cudaSetupArgument
384.24ms  8.3350us  cudaLaunch (lssStep2(int*, unsigned int*, unsigned int*, int, int, int, int) [488])
384.25ms  1.0601ms  cudaMemcpyAsync
385.31ms  4.6690us  cudaMemcpyAsync
385.31ms     298ns  cudaConfigureCall
385.32ms     309ns  cudaSetupArgument
385.32ms     183ns  cudaSetupArgument
385.32ms     192ns  cudaSetupArgument
385.32ms     176ns  cudaSetupArgument
385.32ms     177ns  cudaSetupArgument
385.32ms     184ns  cudaSetupArgument
385.32ms     175ns  cudaSetupArgument
385.32ms  8.4440us  cudaLaunch (lssStep2(int*, unsigned int*, unsigned int*, int, int, int, int) [499])
385.33ms  1.1124ms  cudaMemcpyAsync
386.44ms  5.1180us  cudaMemcpyAsync
386.45ms     325ns  cudaConfigureCall
386.45ms     314ns  cudaSetupArgument
386.45ms     183ns  cudaSetupArgument
386.45ms     182ns  cudaSetupArgument
386.45ms     177ns  cudaSetupArgument
386.45ms     175ns  cudaSetupArgument
386.45ms     176ns  cudaSetupArgument
386.45ms     182ns  cudaSetupArgument
386.45ms  9.2450us  cudaLaunch (lssStep2(int*, unsigned int*, unsigned int*, int, int, int, int) [510])
386.46ms  1.3063ms  cudaMemcpyAsync
387.77ms  4.7170us  cudaMemcpyAsync
387.77ms     315ns  cudaConfigureCall
387.77ms     300ns  cudaSetupArgument
387.77ms     187ns  cudaSetupArgument
387.77ms     191ns  cudaSetupArgument
387.77ms     214ns  cudaSetupArgument
387.77ms     184ns  cudaSetupArgument
387.77ms     185ns  cudaSetupArgument
387.77ms     176ns  cudaSetupArgument
387.77ms  8.4580us  cudaLaunch (lssStep2(int*, unsigned int*, unsigned int*, int, int, int, int) [521])
387.78ms  968.37us  cudaMemcpyAsync
388.75ms  6.9680us  cudaMemcpyAsync
388.76ms     392ns  cudaConfigureCall
388.76ms     335ns  cudaSetupArgument
388.76ms     190ns  cudaSetupArgument
388.76ms     204ns  cudaSetupArgument
388.76ms     198ns  cudaSetupArgument
388.76ms     186ns  cudaSetupArgument
388.76ms     185ns  cudaSetupArgument
388.76ms     179ns  cudaSetupArgument
388.76ms  10.802us  cudaLaunch (lssStep2(int*, unsigned int*, unsigned int*, int, int, int, int) [532])
388.77ms  1.0700ms  cudaMemcpyAsync
389.84ms  5.1770us  cudaMemcpyAsync
389.85ms     326ns  cudaConfigureCall
389.85ms     315ns  cudaSetupArgument
389.85ms     191ns  cudaSetupArgument
389.85ms     190ns  cudaSetupArgument
389.85ms     183ns  cudaSetupArgument
389.85ms     182ns  cudaSetupArgument
389.85ms     177ns  cudaSetupArgument
389.85ms     177ns  cudaSetupArgument
389.85ms  9.1580us  cudaLaunch (lssStep2(int*, unsigned int*, unsigned int*, int, int, int, int) [543])
389.86ms  1.0813ms  cudaMemcpyAsync
390.94ms  4.6760us  cudaMemcpyAsync
390.95ms     313ns  cudaConfigureCall
390.95ms     294ns  cudaSetupArgument
390.95ms     192ns  cudaSetupArgument
390.95ms     190ns  cudaSetupArgument
390.95ms     182ns  cudaSetupArgument
390.95ms     198ns  cudaSetupArgument
390.95ms     175ns  cudaSetupArgument
390.95ms     183ns  cudaSetupArgument
390.95ms  8.7910us  cudaLaunch (lssStep2(int*, unsigned int*, unsigned int*, int, int, int, int) [554])
390.96ms  1.2725ms  cudaMemcpyAsync
392.23ms  4.7910us  cudaMemcpyAsync
392.24ms     298ns  cudaConfigureCall
392.24ms     310ns  cudaSetupArgument
392.24ms     186ns  cudaSetupArgument
392.24ms     189ns  cudaSetupArgument
392.24ms     181ns  cudaSetupArgument
392.24ms     174ns  cudaSetupArgument
392.24ms     183ns  cudaSetupArgument
392.24ms     173ns  cudaSetupArgument
392.24ms  8.5300us  cudaLaunch (lssStep2(int*, unsigned int*, unsigned int*, int, int, int, int) [565])
392.25ms  1.2940ms  cudaMemcpyAsync
393.55ms  4.6080us  cudaMemcpyAsync
393.55ms     295ns  cudaConfigureCall
393.55ms     311ns  cudaSetupArgument
393.55ms     181ns  cudaSetupArgument
393.55ms     179ns  cudaSetupArgument
393.55ms     172ns  cudaSetupArgument
393.55ms     176ns  cudaSetupArgument
393.55ms     176ns  cudaSetupArgument
393.55ms     180ns  cudaSetupArgument
393.56ms  8.4630us  cudaLaunch (lssStep2(int*, unsigned int*, unsigned int*, int, int, int, int) [576])
393.56ms  1.0081ms  cudaMemcpyAsync
394.57ms  5.1110us  cudaMemcpyAsync
394.58ms     322ns  cudaConfigureCall
394.58ms     312ns  cudaSetupArgument
394.58ms     180ns  cudaSetupArgument
394.58ms     181ns  cudaSetupArgument
394.58ms     174ns  cudaSetupArgument
394.58ms     177ns  cudaSetupArgument
394.58ms     175ns  cudaSetupArgument
394.58ms     180ns  cudaSetupArgument
394.58ms  8.7490us  cudaLaunch (lssStep2(int*, unsigned int*, unsigned int*, int, int, int, int) [587])
394.59ms  1.1215ms  cudaMemcpyAsync
395.71ms  4.7340us  cudaMemcpyAsync
395.72ms     323ns  cudaConfigureCall
395.72ms     307ns  cudaSetupArgument
395.72ms     180ns  cudaSetupArgument
395.72ms     180ns  cudaSetupArgument
395.72ms     176ns  cudaSetupArgument
395.72ms     174ns  cudaSetupArgument
395.72ms     174ns  cudaSetupArgument
395.72ms     183ns  cudaSetupArgument
395.72ms  8.7860us  cudaLaunch (lssStep2(int*, unsigned int*, unsigned int*, int, int, int, int) [598])
395.73ms  943.33us  cudaMemcpyAsync
396.67ms  4.6540us  cudaMemcpyAsync
396.68ms     291ns  cudaConfigureCall
396.68ms     310ns  cudaSetupArgument
396.68ms     179ns  cudaSetupArgument
396.68ms     181ns  cudaSetupArgument
396.68ms     175ns  cudaSetupArgument
396.68ms     174ns  cudaSetupArgument
396.68ms     173ns  cudaSetupArgument
396.68ms     182ns  cudaSetupArgument
396.68ms  8.4180us  cudaLaunch (lssStep2(int*, unsigned int*, unsigned int*, int, int, int, int) [609])
396.69ms  1.3354ms  cudaMemcpyAsync
398.03ms  5.3460us  cudaMemcpyAsync
398.03ms     344ns  cudaConfigureCall
398.03ms     313ns  cudaSetupArgument
398.03ms     180ns  cudaSetupArgument
398.03ms     180ns  cudaSetupArgument
398.03ms     195ns  cudaSetupArgument
398.03ms     174ns  cudaSetupArgument
398.04ms     174ns  cudaSetupArgument
398.04ms     182ns  cudaSetupArgument
398.04ms  9.2600us  cudaLaunch (lssStep2(int*, unsigned int*, unsigned int*, int, int, int, int) [620])
398.05ms  936.87us  cudaMemcpyAsync
398.98ms  4.7780us  cudaMemcpyAsync
398.99ms     309ns  cudaConfigureCall
398.99ms     292ns  cudaSetupArgument
398.99ms     187ns  cudaSetupArgument
398.99ms     187ns  cudaSetupArgument
398.99ms     181ns  cudaSetupArgument
398.99ms     183ns  cudaSetupArgument
398.99ms     173ns  cudaSetupArgument
398.99ms     174ns  cudaSetupArgument
398.99ms  8.4540us  cudaLaunch (lssStep2(int*, unsigned int*, unsigned int*, int, int, int, int) [631])
399.00ms  1.3024ms  cudaMemcpyAsync
400.30ms  4.7740us  cudaMemcpyAsync
400.31ms     321ns  cudaConfigureCall
400.31ms     308ns  cudaSetupArgument
400.31ms     186ns  cudaSetupArgument
400.31ms     188ns  cudaSetupArgument
400.31ms     175ns  cudaSetupArgument
400.31ms     180ns  cudaSetupArgument
400.31ms     184ns  cudaSetupArgument
400.31ms     175ns  cudaSetupArgument
400.31ms  8.6090us  cudaLaunch (lssStep2(int*, unsigned int*, unsigned int*, int, int, int, int) [642])
400.32ms  1.1894ms  cudaMemcpyAsync
401.51ms  4.7490us  cudaMemcpyAsync
401.52ms     310ns  cudaConfigureCall
401.52ms     315ns  cudaSetupArgument
401.52ms     179ns  cudaSetupArgument
401.52ms     180ns  cudaSetupArgument
401.52ms     174ns  cudaSetupArgument
401.52ms     174ns  cudaSetupArgument
401.52ms     174ns  cudaSetupArgument
401.52ms     180ns  cudaSetupArgument
401.52ms  8.3520us  cudaLaunch (lssStep2(int*, unsigned int*, unsigned int*, int, int, int, int) [653])
401.53ms  1.1625ms  cudaMemcpyAsync
402.69ms  5.3620us  cudaMemcpyAsync
402.70ms     343ns  cudaConfigureCall
402.70ms     316ns  cudaSetupArgument
402.70ms     177ns  cudaSetupArgument
402.70ms     180ns  cudaSetupArgument
402.70ms     198ns  cudaSetupArgument
402.70ms     177ns  cudaSetupArgument
402.70ms     173ns  cudaSetupArgument
402.70ms     174ns  cudaSetupArgument
402.70ms  8.9090us  cudaLaunch (lssStep2(int*, unsigned int*, unsigned int*, int, int, int, int) [664])
402.71ms  1.0687ms  cudaMemcpyAsync
403.78ms  4.5050us  cudaMemcpyAsync
403.78ms     297ns  cudaConfigureCall
403.78ms     297ns  cudaSetupArgument
403.78ms     179ns  cudaSetupArgument
403.78ms     179ns  cudaSetupArgument
403.78ms     171ns  cudaSetupArgument
403.79ms     171ns  cudaSetupArgument
403.79ms     173ns  cudaSetupArgument
403.79ms     169ns  cudaSetupArgument
403.79ms  8.0970us  cudaLaunch (lssStep2(int*, unsigned int*, unsigned int*, int, int, int, int) [675])
403.79ms  1.2828ms  cudaMemcpyAsync
405.08ms  4.5500us  cudaMemcpyAsync
405.08ms     300ns  cudaConfigureCall
405.08ms     287ns  cudaSetupArgument
405.08ms     178ns  cudaSetupArgument
405.08ms     180ns  cudaSetupArgument
405.08ms     192ns  cudaSetupArgument
405.08ms     175ns  cudaSetupArgument
405.09ms     174ns  cudaSetupArgument
405.09ms     172ns  cudaSetupArgument
405.09ms  8.3200us  cudaLaunch (lssStep2(int*, unsigned int*, unsigned int*, int, int, int, int) [686])
405.09ms  1.1832ms  cudaMemcpyAsync
406.28ms  5.0750us  cudaMemcpyAsync
406.28ms     323ns  cudaConfigureCall
406.28ms     305ns  cudaSetupArgument
406.28ms     177ns  cudaSetupArgument
406.29ms     178ns  cudaSetupArgument
406.29ms     174ns  cudaSetupArgument
406.29ms     171ns  cudaSetupArgument
406.29ms     171ns  cudaSetupArgument
406.29ms     173ns  cudaSetupArgument
406.29ms  8.5240us  cudaLaunch (lssStep2(int*, unsigned int*, unsigned int*, int, int, int, int) [697])
406.30ms  1.1515ms  cudaMemcpyAsync
407.45ms  4.5470us  cudaMemcpyAsync
407.45ms     311ns  cudaConfigureCall
407.45ms     287ns  cudaSetupArgument
407.45ms     180ns  cudaSetupArgument
407.45ms     180ns  cudaSetupArgument
407.45ms     169ns  cudaSetupArgument
407.46ms     175ns  cudaSetupArgument
407.46ms     170ns  cudaSetupArgument
407.46ms     169ns  cudaSetupArgument
407.46ms  8.0820us  cudaLaunch (lssStep2(int*, unsigned int*, unsigned int*, int, int, int, int) [708])
407.46ms  956.20us  cudaMemcpyAsync
408.42ms  4.5990us  cudaMemcpyAsync
408.43ms     293ns  cudaConfigureCall
408.43ms     298ns  cudaSetupArgument
408.43ms     177ns  cudaSetupArgument
408.43ms     178ns  cudaSetupArgument
408.43ms     208ns  cudaSetupArgument
408.43ms     175ns  cudaSetupArgument
408.43ms     173ns  cudaSetupArgument
408.43ms     173ns  cudaSetupArgument
408.43ms  7.9850us  cudaLaunch (lssStep2(int*, unsigned int*, unsigned int*, int, int, int, int) [719])
408.44ms  853.38us  cudaMemcpyAsync
409.29ms  4.6290us  cudaMemcpyAsync
409.30ms     293ns  cudaConfigureCall
409.30ms     290ns  cudaSetupArgument
409.30ms     178ns  cudaSetupArgument
409.30ms     177ns  cudaSetupArgument
409.30ms     171ns  cudaSetupArgument
409.30ms     174ns  cudaSetupArgument
409.30ms     173ns  cudaSetupArgument
409.30ms     172ns  cudaSetupArgument
409.30ms  8.2710us  cudaLaunch (lssStep2(int*, unsigned int*, unsigned int*, int, int, int, int) [730])
409.31ms  1.0696ms  cudaMemcpyAsync
410.38ms  5.0370us  cudaMemcpyAsync
410.38ms     314ns  cudaConfigureCall
410.38ms     304ns  cudaSetupArgument
410.39ms     176ns  cudaSetupArgument
410.39ms     180ns  cudaSetupArgument
410.39ms     173ns  cudaSetupArgument
410.39ms     172ns  cudaSetupArgument
410.39ms     172ns  cudaSetupArgument
410.39ms     171ns  cudaSetupArgument
410.39ms  8.6730us  cudaLaunch (lssStep2(int*, unsigned int*, unsigned int*, int, int, int, int) [741])
410.40ms  719.82us  cudaMemcpyAsync
411.12ms  4.5960us  cudaMemcpyAsync
411.12ms     291ns  cudaConfigureCall
411.12ms     286ns  cudaSetupArgument
411.12ms     180ns  cudaSetupArgument
411.12ms     195ns  cudaSetupArgument
411.12ms     171ns  cudaSetupArgument
411.12ms     171ns  cudaSetupArgument
411.12ms     172ns  cudaSetupArgument
411.12ms     174ns  cudaSetupArgument
411.12ms  8.0640us  cudaLaunch (lssStep2(int*, unsigned int*, unsigned int*, int, int, int, int) [752])
411.13ms  329.92us  cudaMemcpyAsync
411.46ms  4.5870us  cudaMemcpyAsync
411.47ms     288ns  cudaConfigureCall
411.47ms     290ns  cudaSetupArgument
411.47ms     178ns  cudaSetupArgument
411.47ms     179ns  cudaSetupArgument
411.47ms     174ns  cudaSetupArgument
411.47ms     173ns  cudaSetupArgument
411.47ms     171ns  cudaSetupArgument
411.47ms     174ns  cudaSetupArgument
411.47ms  8.0590us  cudaLaunch (lssStep2(int*, unsigned int*, unsigned int*, int, int, int, int) [763])
411.48ms  321.21us  cudaMemcpyAsync
411.80ms  4.6020us  cudaMemcpyAsync
411.81ms     298ns  cudaConfigureCall
411.81ms     286ns  cudaSetupArgument
411.81ms     179ns  cudaSetupArgument
411.81ms     179ns  cudaSetupArgument
411.81ms     168ns  cudaSetupArgument
411.81ms     175ns  cudaSetupArgument
411.81ms     173ns  cudaSetupArgument
411.81ms     170ns  cudaSetupArgument
411.81ms  8.2620us  cudaLaunch (lssStep2(int*, unsigned int*, unsigned int*, int, int, int, int) [774])
411.82ms  312.46us  cudaMemcpyAsync
412.13ms     286ns  cudaConfigureCall
412.13ms     292ns  cudaSetupArgument
412.13ms     180ns  cudaSetupArgument
412.13ms     173ns  cudaSetupArgument
412.13ms     172ns  cudaSetupArgument
412.13ms  8.5800us  cudaLaunch (lssStep3(int*, int*, int, int) [781])
412.14ms  947.57us  cudaDeviceSynchronize
413.09ms  4.0850us  cudaEventRecord
413.10ms  9.8580us  cudaEventSynchronize
413.11ms  2.0810us  cudaEventElapsedTime
413.11ms  1.5810us  cudaEventDestroy
413.11ms     673ns  cudaEventDestroy
413.13ms  1.9330ms  cudaMemcpy
415.06ms  176.62us  cudaFree
415.24ms  130.74us  cudaFree
415.37ms  129.02us  cudaFree
415.50ms  127.78us  cudaFree
415.63ms  7.5540us  cudaFree
415.64ms  5.4710us  cudaFree
415.64ms  5.1360us  cudaFree
415.65ms  125.73us  cudaFree
415.77ms  127.24us  cudaFree
415.90ms  4.9490us  cudaEventRecord
415.91ms  12.586us  cudaEventSynchronize
415.92ms  1.4940us  cudaEventElapsedTime
415.92ms  1.3500us  cudaEventDestroy
415.92ms     752ns  cudaEventDestroy
