==19518== NVPROF is profiling process 19518, command: ../optNP/lss --image ../inputs/fractal/fractal.intensities.pgm --labels ../inputs/fractal/fractal.label.pgm --params ../inputs/fractal/fractal.params
==19518== Profiling application: ../optNP/lss --image ../inputs/fractal/fractal.intensities.pgm --labels ../inputs/fractal/fractal.label.pgm --params ../inputs/fractal/fractal.params
==19518== Profiling result:
   Start  Duration  Name
170.75ms  1.4810us  cuDeviceGetCount
170.76ms     546ns  cuDeviceGet
170.80ms     491ns  cuDeviceGetCount
170.80ms     295ns  cuDeviceGet
170.80ms  53.458us  cuDeviceGetName
170.85ms  308.10us  cuDeviceTotalMem
171.16ms     427ns  cuDeviceGetAttribute
171.16ms     273ns  cuDeviceGetAttribute
171.16ms     294ns  cuDeviceGetAttribute
171.16ms     280ns  cuDeviceGetAttribute
171.16ms     269ns  cuDeviceGetAttribute
171.16ms  46.420us  cuDeviceGetAttribute
171.21ms     437ns  cuDeviceGetAttribute
171.21ms     260ns  cuDeviceGetAttribute
171.21ms     271ns  cuDeviceGetAttribute
171.21ms     261ns  cuDeviceGetAttribute
171.21ms     345ns  cuDeviceGetAttribute
171.21ms     258ns  cuDeviceGetAttribute
171.22ms     255ns  cuDeviceGetAttribute
171.22ms     264ns  cuDeviceGetAttribute
171.22ms     259ns  cuDeviceGetAttribute
171.22ms     259ns  cuDeviceGetAttribute
171.22ms     309ns  cuDeviceGetAttribute
171.22ms     264ns  cuDeviceGetAttribute
171.22ms     266ns  cuDeviceGetAttribute
171.22ms     262ns  cuDeviceGetAttribute
171.22ms     258ns  cuDeviceGetAttribute
171.22ms     258ns  cuDeviceGetAttribute
171.22ms     273ns  cuDeviceGetAttribute
171.22ms     260ns  cuDeviceGetAttribute
171.22ms     253ns  cuDeviceGetAttribute
171.22ms     255ns  cuDeviceGetAttribute
171.22ms     264ns  cuDeviceGetAttribute
171.22ms     342ns  cuDeviceGetAttribute
171.23ms     262ns  cuDeviceGetAttribute
171.23ms     259ns  cuDeviceGetAttribute
171.23ms     258ns  cuDeviceGetAttribute
171.23ms     258ns  cuDeviceGetAttribute
171.23ms     255ns  cuDeviceGetAttribute
171.23ms     262ns  cuDeviceGetAttribute
171.23ms     254ns  cuDeviceGetAttribute
171.23ms     255ns  cuDeviceGetAttribute
171.23ms     259ns  cuDeviceGetAttribute
171.23ms     264ns  cuDeviceGetAttribute
171.23ms     257ns  cuDeviceGetAttribute
171.23ms     260ns  cuDeviceGetAttribute
171.23ms     260ns  cuDeviceGetAttribute
171.23ms     260ns  cuDeviceGetAttribute
171.23ms     258ns  cuDeviceGetAttribute
171.23ms     260ns  cuDeviceGetAttribute
171.23ms     262ns  cuDeviceGetAttribute
171.24ms     262ns  cuDeviceGetAttribute
171.24ms     258ns  cuDeviceGetAttribute
171.24ms     253ns  cuDeviceGetAttribute
171.24ms     253ns  cuDeviceGetAttribute
171.24ms     255ns  cuDeviceGetAttribute
171.24ms     267ns  cuDeviceGetAttribute
171.24ms     262ns  cuDeviceGetAttribute
171.24ms     262ns  cuDeviceGetAttribute
171.24ms     255ns  cuDeviceGetAttribute
171.24ms     256ns  cuDeviceGetAttribute
171.24ms  225.30us  cuDeviceGetAttribute
171.47ms     338ns  cuDeviceGetAttribute
171.47ms     262ns  cuDeviceGetAttribute
171.47ms     251ns  cuDeviceGetAttribute
171.47ms     267ns  cuDeviceGetAttribute
171.47ms     266ns  cuDeviceGetAttribute
171.47ms     267ns  cuDeviceGetAttribute
171.47ms     262ns  cuDeviceGetAttribute
171.47ms     262ns  cuDeviceGetAttribute
171.47ms     256ns  cuDeviceGetAttribute
171.47ms     257ns  cuDeviceGetAttribute
171.47ms     254ns  cuDeviceGetAttribute
171.47ms     345ns  cuDeviceGetAttribute
171.47ms     255ns  cuDeviceGetAttribute
171.48ms     257ns  cuDeviceGetAttribute
171.48ms     261ns  cuDeviceGetAttribute
171.48ms     286ns  cuDeviceGetAttribute
171.48ms     259ns  cuDeviceGetAttribute
171.48ms     259ns  cuDeviceGetAttribute
171.48ms     256ns  cuDeviceGetAttribute
171.48ms  232.09us  cuDeviceGetAttribute
171.71ms     347ns  cuDeviceGetAttribute
171.71ms     276ns  cuDeviceGetAttribute
171.71ms     258ns  cuDeviceGetAttribute
171.71ms     256ns  cuDeviceGetAttribute
171.71ms     267ns  cuDeviceGetAttribute
171.72ms     260ns  cuDeviceGetAttribute
171.72ms     264ns  cuDeviceGetAttribute
171.73ms  183.46ms  cudaEventCreate
355.18ms  2.8440us  cudaEventCreate
355.19ms  6.5110us  cudaEventRecord
355.19ms  6.7890us  cudaEventSynchronize
355.20ms  236.71us  cudaMalloc
355.44ms  10.099us  cudaMalloc
355.45ms  8.0790us  cudaMalloc
355.46ms  239.54us  cudaMalloc
355.70ms  217.51us  cudaMalloc
355.92ms  213.70us  cudaMalloc
356.13ms  217.70us  cudaMalloc
356.35ms  214.04us  cudaMalloc
356.56ms  10.571us  cudaMalloc
356.58ms  8.8880us  cudaMalloc
356.60ms  18.906us  cudaMemcpy
356.61ms  10.946us  cudaMemcpy
356.63ms  11.338us  cudaMemcpy
356.64ms  967.88us  cudaMemcpy
357.61ms  1.8592ms  cudaMemcpy
359.47ms  921.56us  cudaDeviceSynchronize
360.39ms  2.9010us  cudaEventCreate
360.39ms  1.0370us  cudaEventCreate
360.39ms  4.1390us  cudaEventRecord
360.40ms  7.9470us  cudaEventSynchronize
360.43ms  1.5880us  cudaConfigureCall
360.43ms  4.1120us  cudaSetupArgument
360.44ms     282ns  cudaSetupArgument
360.44ms     518ns  cudaSetupArgument
360.44ms     251ns  cudaSetupArgument
360.44ms     266ns  cudaSetupArgument
360.44ms     231ns  cudaSetupArgument
360.44ms     238ns  cudaSetupArgument
360.44ms     370ns  cudaSetupArgument
360.44ms     234ns  cudaSetupArgument
360.44ms     230ns  cudaSetupArgument
360.44ms     236ns  cudaSetupArgument
360.44ms     234ns  cudaSetupArgument
360.44ms     231ns  cudaSetupArgument
360.45ms  37.363us  cudaLaunch (evolveContour(unsigned int*, unsigned int*, int*, int*, int, int, int*, int*, int*, int, unsigned int*, unsigned int*, unsigned int*) [128])
360.48ms  71.292ms  cudaDeviceSynchronize
431.78ms  6.6520us  cudaEventRecord
431.78ms  7.0990us  cudaEventSynchronize
431.79ms  2.1040us  cudaEventElapsedTime
431.79ms  2.0340us  cudaEventDestroy
431.80ms     939ns  cudaEventDestroy
431.82ms  1.9142ms  cudaMemcpy
433.73ms  22.764us  cudaMemcpy
433.75ms  178.17us  cudaFree
433.93ms  133.53us  cudaFree
434.07ms  128.79us  cudaFree
434.20ms  129.01us  cudaFree
434.33ms  10.449us  cudaFree
434.34ms  6.4690us  cudaFree
434.34ms  6.0260us  cudaFree
434.35ms  128.52us  cudaFree
434.48ms  7.3680us  cudaFree
434.49ms  3.9900us  cudaEventRecord
434.49ms  9.1560us  cudaEventSynchronize
434.50ms  1.8800us  cudaEventElapsedTime
434.50ms  1.2160us  cudaEventDestroy
434.50ms     841ns  cudaEventDestroy
